build/CMakeFiles/3.21.3/CompilerIdC/CMakeCCompilerId.c:0:0: information: Too many #ifdef configurations - cppcheck only checks 12 of 134 configurations. Use --force to check all configurations. [toomanyconfigs]

^
build/CMakeFiles/3.21.3/CompilerIdC/CMakeCCompilerId.c:686:0: information: Skipping configuration 'SDCC;__SDCC_VERSION_MAJOR' since the value of '__SDCC_VERSION_MAJOR' is unknown. Use -D if you want to check it. You can use -U to skip it explicitly. [ConfigurationNotChecked]
  COMPILER_VERSION_MAJOR,
^
build/CMakeFiles/3.21.3/CompilerIdC/CMakeCCompilerId.c:686:0: information: Skipping configuration 'SDCC;__SDCC_VERSION_MAJOR;__SDCC_VERSION_MAJOR' since the value of '__SDCC_VERSION_MAJOR' is unknown. Use -D if you want to check it. You can use -U to skip it explicitly. [ConfigurationNotChecked]
  COMPILER_VERSION_MAJOR,
^
build/CMakeFiles/3.21.3/CompilerIdCXX/CMakeCXXCompilerId.cpp:0:0: information: Too many #ifdef configurations - cppcheck only checks 12 of 132 configurations. Use --force to check all configurations. [toomanyconfigs]

^
build/CMakeFiles/3.21.3/CompilerIdCXX/CMakeCXXCompilerId.cpp:671:0: information: Skipping configuration '_MSC_BUILD;_MSC_VER' since the value of '_MSC_VER' is unknown. Use -D if you want to check it. You can use -U to skip it explicitly. [ConfigurationNotChecked]
  COMPILER_VERSION_MAJOR,
^
build/CMakeFiles/3.21.3/CompilerIdCXX/CMakeCXXCompilerId.cpp:673:0: information: Skipping configuration '_MSC_BUILD;_MSC_VER' since the value of '_MSC_VER' is unknown. Use -D if you want to check it. You can use -U to skip it explicitly. [ConfigurationNotChecked]
  '.', COMPILER_VERSION_MINOR,
^
build/CMakeFiles/3.21.3/CompilerIdCXX/CMakeCXXCompilerId.cpp:675:0: information: Skipping configuration '_MSC_FULL_VER;_MSC_VER' since the value of '_MSC_FULL_VER' is unknown. Use -D if you want to check it. You can use -U to skip it explicitly. [ConfigurationNotChecked]
   '.', COMPILER_VERSION_PATCH,
^
build/CMakeFiles/3.21.3/CompilerIdCXX/CMakeCXXCompilerId.cpp:671:0: information: Skipping configuration '_MSC_FULL_VER;_MSC_VER' since the value of '_MSC_VER' is unknown. Use -D if you want to check it. You can use -U to skip it explicitly. [ConfigurationNotChecked]
  COMPILER_VERSION_MAJOR,
^
build/CMakeFiles/3.21.3/CompilerIdCXX/CMakeCXXCompilerId.cpp:673:0: information: Skipping configuration '_MSC_FULL_VER;_MSC_VER' since the value of '_MSC_VER' is unknown. Use -D if you want to check it. You can use -U to skip it explicitly. [ConfigurationNotChecked]
  '.', COMPILER_VERSION_MINOR,
^
build/_deps/googletest-src/googlemock/src/gmock-spec-builders.cc:660:13: style:inconclusive: Technically the member function 'testing::::MockObjectRegistry::states' can be const. [functionConst]
  StateMap& states() { return states_; }
            ^
build/_deps/googletest-src/googlemock/test/gmock-actions_test.cc:97:1: error: syntax error [syntaxError]
TEST(BuiltInDefaultValueTest, ExistsForPointerTypes) {
^
build/_deps/googletest-src/googlemock/test/gmock-cardinalities_test.cc:62:1: error: syntax error [syntaxError]
TEST(CardinalityTest, IsDefaultConstructable) {
^
build/_deps/googletest-src/googlemock/test/gmock-function-mocker_test.cc:297:1: error: syntax error [syntaxError]
TYPED_TEST(FunctionMockerTest, MocksVoidFunction) {
^
build/_deps/googletest-src/googlemock/test/gmock-internal-utils_test.cc:77:1: error: syntax error [syntaxError]
TEST(JoinAsTupleTest, JoinsOneTuple) {
^
build/_deps/googletest-src/googlemock/test/gmock-matchers_test.cc:172:1: error: syntax error [syntaxError]
TEST(MonotonicMatcherTest, IsPrintable) {
^
build/_deps/googletest-src/googlemock/test/gmock-more-actions_test.cc:1460:39: error: syntax error [syntaxError]
                HAS_1_TEMPLATE_PARAMS(template <typename Pointee> class,
                                      ^
build/_deps/googletest-src/googlemock/test/gmock-nice-strict_test.cc:239:1: error: syntax error [syntaxError]
TEST(NiceMockTest, AllowsExpectedCall) {
^
build/_deps/googletest-src/googlemock/test/gmock-nice-strict_test.cc:142:1: error: syntax error [syntaxError]
TEST(RawMockTest, WarningForUninterestingCall) {
^
build/_deps/googletest-src/googlemock/test/gmock-pp-string_test.cc:110:3: error: There is an unknown macro here somewhere. Configuration is required. If sss is a macro then please configure it. [unknownMacro]
  EXPECT_EXPANSION("0", GMOCK_PP_IS_BEGIN_PARENS(sss() sss));
  ^
build/_deps/googletest-src/googlemock/test/gmock-pp_test.cc:44:41: error: There is an unknown macro here somewhere. Configuration is required. If sss is a macro then please configure it. [unknownMacro]
static_assert(!GMOCK_PP_IS_BEGIN_PARENS(sss() sss), "");
                                        ^
build/_deps/googletest-src/googlemock/test/gmock-spec-builders_test.cc:123:1: error: syntax error [syntaxError]
TEST(MockMethodTest, CanInstantiateWithIncompleteArgType) {
^
build/_deps/googletest-src/googlemock/test/gmock_ex_test.cc:56:1: error: syntax error [syntaxError]
TEST(DefaultValueTest, ThrowsRuntimeErrorWhenNoDefaultValue) {
^
build/_deps/googletest-src/googlemock/test/gmock_leak_test_.cc:58:1: error: syntax error [syntaxError]
TEST(LeakTest, LeakedMockWithExpectCallCausesFailureWhenLeakCheckingIsEnabled) {
^
build/_deps/googletest-src/googlemock/test/gmock_stress_test.cc:197:1: error: syntax error [syntaxError]
TEST(StressTest, CanUseGMockWithThreads) {
^
build/_deps/googletest-src/googletest/samples/sample10_unittest.cc:94:1: error: syntax error [syntaxError]
TEST(ListenersTest, DoesNotLeak) {
^
build/_deps/googletest-src/googletest/samples/sample1_unittest.cc:100:1: error: syntax error [syntaxError]
TEST(FactorialTest, Zero) {
^
build/_deps/googletest-src/googletest/samples/sample2.cc:49:32: style:inconclusive: Function 'Set' argument 1 names different: declaration 'c_string' definition 'a_c_string'. [funcArgNamesDifferent]
void MyString::Set(const char* a_c_string) {
                               ^
build/_deps/googletest-src/googletest/samples/sample2.h:77:24: note: Function 'Set' argument 1 names different: declaration 'c_string' definition 'a_c_string'.
  void Set(const char* c_string);
                       ^
build/_deps/googletest-src/googletest/samples/sample2.cc:49:32: note: Function 'Set' argument 1 names different: declaration 'c_string' definition 'a_c_string'.
void MyString::Set(const char* a_c_string) {
                               ^
build/_deps/googletest-src/googletest/samples/sample2_unittest.cc:77:1: error: syntax error [syntaxError]
TEST(MyString, ConstructorFromCString) {
^
build/_deps/googletest-src/googletest/samples/sample3_unittest.cc:120:1: error: syntax error [syntaxError]
TEST_F(QueueTestSmpl3, DefaultConstructor) {
^
build/_deps/googletest-src/googletest/samples/sample5_unittest.cc:97:1: error: syntax error [syntaxError]
TEST_F(IntegerFunctionTest, Factorial) {
^
build/_deps/googletest-src/googletest/samples/sample6_unittest.cc:97:1: error: syntax error [syntaxError]
TYPED_TEST(PrimeTableTest, ReturnsFalseForNonPrimes) {
^
build/_deps/googletest-src/googletest/samples/sample7_unittest.cc:79:1: error: syntax error [syntaxError]
TEST_P(PrimeTableTestSmpl7, ReturnsFalseForNonPrimes) {
^
build/_deps/googletest-src/googletest/samples/sample8_unittest.cc:107:1: error: syntax error [syntaxError]
TEST_P(PrimeTableTest, ReturnsFalseForNonPrimes) {
^
build/_deps/googletest-src/googletest/samples/sample9_unittest.cc:90:1: error: syntax error [syntaxError]
TEST(CustomOutputTest, PrintsMessage) {
^
build/_deps/googletest-src/googletest/src/gtest-death-test.cc:1178:0: information: Skipping configuration 'GTEST_EXTRA_DEATH_TEST_COMMAND_LINE_ARGS_;GTEST_HAS_DEATH_TEST' since the value of 'GTEST_EXTRA_DEATH_TEST_COMMAND_LINE_ARGS_' is unknown. Use -D if you want to check it. You can use -U to skip it explicitly. [ConfigurationNotChecked]
        GTEST_EXTRA_DEATH_TEST_COMMAND_LINE_ARGS_();
^
build/_deps/googletest-src/googletest/src/gtest-death-test.cc:1386:30: style: Variable 'child_pid' is reassigned a value before the old one has been used. [redundantAssignment]
  if (use_fork && (child_pid = fork()) == 0) {
                             ^
build/_deps/googletest-src/googletest/src/gtest-death-test.cc:1378:15: note: child_pid is assigned
    child_pid = clone(&ExecDeathTestChildMain, stack_top, SIGCHLD, &args);
              ^
build/_deps/googletest-src/googletest/src/gtest-death-test.cc:1386:30: note: child_pid is overwritten
  if (use_fork && (child_pid = fork()) == 0) {
                             ^
build/_deps/googletest-src/googletest/src/gtest-death-test.cc:1088:48: style:inconclusive: Function 'ForkingDeathTest' argument 1 names different: declaration 'statement' definition 'a_statement'. [funcArgNamesDifferent]
ForkingDeathTest::ForkingDeathTest(const char* a_statement,
                                               ^
build/_deps/googletest-src/googletest/src/gtest-death-test.cc:1074:32: note: Function 'ForkingDeathTest' argument 1 names different: declaration 'statement' definition 'a_statement'.
  ForkingDeathTest(const char* statement, Matcher<const std::string&> matcher);
                               ^
build/_deps/googletest-src/googletest/src/gtest-death-test.cc:1088:48: note: Function 'ForkingDeathTest' argument 1 names different: declaration 'statement' definition 'a_statement'.
ForkingDeathTest::ForkingDeathTest(const char* a_statement,
                                               ^
build/_deps/googletest-src/googletest/src/gtest-death-test.cc:191:0: information: Skipping configuration 'GTEST_HAS_DEATH_TEST;GTEST_KILLED_BY_SIGNAL_OVERRIDE_;GTEST_OS_FUCHSIA=0;GTEST_OS_WINDOWS=0' since the value of 'GTEST_KILLED_BY_SIGNAL_OVERRIDE_' is unknown. Use -D if you want to check it. You can use -U to skip it explicitly. [ConfigurationNotChecked]
    if (GTEST_KILLED_BY_SIGNAL_OVERRIDE_(signum_, exit_status, &result)) {
^
build/_deps/googletest-src/googletest/src/gtest-death-test.cc:867:7: style:inconclusive: Technically the member function 'testing::internal::Arguments::size' can be const. [functionConst]
  int size() {
      ^
build/_deps/googletest-src/googletest/src/gtest-death-test.cc:1224:7: style: struct member 'ExecDeathTestArgs::close_fd' is never used. [unusedStructMember]
  int close_fd;       // File descriptor to close; the read end of a pipe
      ^
build/_deps/googletest-src/googletest/src/gtest-death-test.cc:221:0: information: Skipping configuration 'GTEST_HAS_DEATH_TEST;WCOREDUMP' since the value of 'WCOREDUMP' is unknown. Use -D if you want to check it. You can use -U to skip it explicitly. [ConfigurationNotChecked]
  if (WCOREDUMP(exit_code)) {
^
build/_deps/googletest-src/googletest/src/gtest-filepath.cc:333:14: style: Condition 'result==-1' is always false [knownConditionTrueFalse]
  if (result == -1) {
             ^
build/_deps/googletest-src/googletest/src/gtest-filepath.cc:328:16: note: Assignment 'result=0', assigned value is 0
  int result = 0;
               ^
build/_deps/googletest-src/googletest/src/gtest-filepath.cc:333:14: note: Condition 'result==-1' is always false
  if (result == -1) {
             ^
build/_deps/googletest-src/googletest/src/gtest-filepath.cc:112:3: style:inconclusive: Consecutive return, break, continue, goto or throw statements are unnecessary. [duplicateBreak]
  return FilePath(result == nullptr ? "" : cwd);
  ^
build/_deps/googletest-src/googletest/src/gtest-filepath.cc:104:0: information: Skipping configuration 'PATH_MAX' since the value of 'PATH_MAX' is unknown. Use -D if you want to check it. You can use -U to skip it explicitly. [ConfigurationNotChecked]
  char cwd[GTEST_PATH_MAX_ + 1] = { '\0' };
^
build/_deps/googletest-src/googletest/src/gtest-filepath.cc:104:0: information: Skipping configuration '_XOPEN_PATH_MAX' since the value of '_XOPEN_PATH_MAX' is unknown. Use -D if you want to check it. You can use -U to skip it explicitly. [ConfigurationNotChecked]
  char cwd[GTEST_PATH_MAX_ + 1] = { '\0' };
^
build/_deps/googletest-src/googletest/src/gtest-port.cc:0:0: information: Too many #ifdef configurations - cppcheck only checks 12 of 23 configurations. Use --force to check all configurations. [toomanyconfigs]

^
build/_deps/googletest-src/googletest/src/gtest-port.cc:1338:0: information: Skipping configuration 'GTEST_GET_BOOL_FROM_ENV_' since the value of 'GTEST_GET_BOOL_FROM_ENV_' is unknown. Use -D if you want to check it. You can use -U to skip it explicitly. [ConfigurationNotChecked]
  return GTEST_GET_BOOL_FROM_ENV_(flag, default_value);
^
build/_deps/googletest-src/googletest/src/gtest-port.cc:1352:0: information: Skipping configuration 'GTEST_GET_INT32_FROM_ENV_' since the value of 'GTEST_GET_INT32_FROM_ENV_' is unknown. Use -D if you want to check it. You can use -U to skip it explicitly. [ConfigurationNotChecked]
  return GTEST_GET_INT32_FROM_ENV_(flag, default_value);
^
build/_deps/googletest-src/googletest/src/gtest-port.cc:1395:0: information: Skipping configuration 'GTEST_GET_STRING_FROM_ENV_' since the value of 'GTEST_GET_STRING_FROM_ENV_' is unknown. Use -D if you want to check it. You can use -U to skip it explicitly. [ConfigurationNotChecked]
  return GTEST_GET_STRING_FROM_ENV_(flag, default_value);
^
build/_deps/googletest-src/googletest/src/gtest.cc:0:0: information: Too many #ifdef configurations - cppcheck only checks 12 of 38 configurations. Use --force to check all configurations. [toomanyconfigs]

^
build/_deps/googletest-src/googletest/src/gtest.cc:5185:34: error: Null pointer dereference: static_cast<volatile int*>(nullptr) [nullPointer]
      *static_cast<volatile int*>(nullptr) = 1;
                                 ^
build/_deps/googletest-src/googletest/src/gtest.cc:3816:1: style:inconclusive: Function 'OnTestProgramStart' argument 1 names different: declaration 'unit_test' definition 'parameter'. [funcArgNamesDifferent]
GTEST_REPEATER_METHOD_(OnTestProgramStart, UnitTest)
^
build/_deps/googletest-src/googletest/src/gtest.cc:3744:43: note: Function 'OnTestProgramStart' argument 1 names different: declaration 'unit_test' definition 'parameter'.
  void OnTestProgramStart(const UnitTest& unit_test) override;
                                          ^
build/_deps/googletest-src/googletest/src/gtest.cc:3816:1: note: Function 'OnTestProgramStart' argument 1 names different: declaration 'unit_test' definition 'parameter'.
GTEST_REPEATER_METHOD_(OnTestProgramStart, UnitTest)
^
build/_deps/googletest-src/googletest/src/gtest.cc:3817:1: style:inconclusive: Function 'OnEnvironmentsSetUpStart' argument 1 names different: declaration 'unit_test' definition 'parameter'. [funcArgNamesDifferent]
GTEST_REPEATER_METHOD_(OnEnvironmentsSetUpStart, UnitTest)
^
build/_deps/googletest-src/googletest/src/gtest.cc:3746:49: note: Function 'OnEnvironmentsSetUpStart' argument 1 names different: declaration 'unit_test' definition 'parameter'.
  void OnEnvironmentsSetUpStart(const UnitTest& unit_test) override;
                                                ^
build/_deps/googletest-src/googletest/src/gtest.cc:3817:1: note: Function 'OnEnvironmentsSetUpStart' argument 1 names different: declaration 'unit_test' definition 'parameter'.
GTEST_REPEATER_METHOD_(OnEnvironmentsSetUpStart, UnitTest)
^
build/_deps/googletest-src/googletest/src/gtest.cc:3823:1: style:inconclusive: Function 'OnTestStart' argument 1 names different: declaration 'test_info' definition 'parameter'. [funcArgNamesDifferent]
GTEST_REPEATER_METHOD_(OnTestStart, TestInfo)
^
build/_deps/googletest-src/googletest/src/gtest.cc:3753:36: note: Function 'OnTestStart' argument 1 names different: declaration 'test_info' definition 'parameter'.
  void OnTestStart(const TestInfo& test_info) override;
                                   ^
build/_deps/googletest-src/googletest/src/gtest.cc:3823:1: note: Function 'OnTestStart' argument 1 names different: declaration 'test_info' definition 'parameter'.
GTEST_REPEATER_METHOD_(OnTestStart, TestInfo)
^
build/_deps/googletest-src/googletest/src/gtest.cc:3824:1: style:inconclusive: Function 'OnTestPartResult' argument 1 names different: declaration 'result' definition 'parameter'. [funcArgNamesDifferent]
GTEST_REPEATER_METHOD_(OnTestPartResult, TestPartResult)
^
build/_deps/googletest-src/googletest/src/gtest.cc:3754:47: note: Function 'OnTestPartResult' argument 1 names different: declaration 'result' definition 'parameter'.
  void OnTestPartResult(const TestPartResult& result) override;
                                              ^
build/_deps/googletest-src/googletest/src/gtest.cc:3824:1: note: Function 'OnTestPartResult' argument 1 names different: declaration 'result' definition 'parameter'.
GTEST_REPEATER_METHOD_(OnTestPartResult, TestPartResult)
^
build/_deps/googletest-src/googletest/src/gtest.cc:3825:1: style:inconclusive: Function 'OnEnvironmentsTearDownStart' argument 1 names different: declaration 'unit_test' definition 'parameter'. [funcArgNamesDifferent]
GTEST_REPEATER_METHOD_(OnEnvironmentsTearDownStart, UnitTest)
^
build/_deps/googletest-src/googletest/src/gtest.cc:3761:52: note: Function 'OnEnvironmentsTearDownStart' argument 1 names different: declaration 'unit_test' definition 'parameter'.
  void OnEnvironmentsTearDownStart(const UnitTest& unit_test) override;
                                                   ^
build/_deps/googletest-src/googletest/src/gtest.cc:3825:1: note: Function 'OnEnvironmentsTearDownStart' argument 1 names different: declaration 'unit_test' definition 'parameter'.
GTEST_REPEATER_METHOD_(OnEnvironmentsTearDownStart, UnitTest)
^
build/_deps/googletest-src/googletest/src/gtest.cc:3826:1: style:inconclusive: Function 'OnEnvironmentsSetUpEnd' argument 1 names different: declaration 'unit_test' definition 'parameter'. [funcArgNamesDifferent]
GTEST_REVERSE_REPEATER_METHOD_(OnEnvironmentsSetUpEnd, UnitTest)
^
build/_deps/googletest-src/googletest/src/gtest.cc:3747:47: note: Function 'OnEnvironmentsSetUpEnd' argument 1 names different: declaration 'unit_test' definition 'parameter'.
  void OnEnvironmentsSetUpEnd(const UnitTest& unit_test) override;
                                              ^
build/_deps/googletest-src/googletest/src/gtest.cc:3826:1: note: Function 'OnEnvironmentsSetUpEnd' argument 1 names different: declaration 'unit_test' definition 'parameter'.
GTEST_REVERSE_REPEATER_METHOD_(OnEnvironmentsSetUpEnd, UnitTest)
^
build/_deps/googletest-src/googletest/src/gtest.cc:3827:1: style:inconclusive: Function 'OnEnvironmentsTearDownEnd' argument 1 names different: declaration 'unit_test' definition 'parameter'. [funcArgNamesDifferent]
GTEST_REVERSE_REPEATER_METHOD_(OnEnvironmentsTearDownEnd, UnitTest)
^
build/_deps/googletest-src/googletest/src/gtest.cc:3762:50: note: Function 'OnEnvironmentsTearDownEnd' argument 1 names different: declaration 'unit_test' definition 'parameter'.
  void OnEnvironmentsTearDownEnd(const UnitTest& unit_test) override;
                                                 ^
build/_deps/googletest-src/googletest/src/gtest.cc:3827:1: note: Function 'OnEnvironmentsTearDownEnd' argument 1 names different: declaration 'unit_test' definition 'parameter'.
GTEST_REVERSE_REPEATER_METHOD_(OnEnvironmentsTearDownEnd, UnitTest)
^
build/_deps/googletest-src/googletest/src/gtest.cc:3828:1: style:inconclusive: Function 'OnTestEnd' argument 1 names different: declaration 'test_info' definition 'parameter'. [funcArgNamesDifferent]
GTEST_REVERSE_REPEATER_METHOD_(OnTestEnd, TestInfo)
^
build/_deps/googletest-src/googletest/src/gtest.cc:3755:34: note: Function 'OnTestEnd' argument 1 names different: declaration 'test_info' definition 'parameter'.
  void OnTestEnd(const TestInfo& test_info) override;
                                 ^
build/_deps/googletest-src/googletest/src/gtest.cc:3828:1: note: Function 'OnTestEnd' argument 1 names different: declaration 'test_info' definition 'parameter'.
GTEST_REVERSE_REPEATER_METHOD_(OnTestEnd, TestInfo)
^
build/_deps/googletest-src/googletest/src/gtest.cc:3834:1: style:inconclusive: Function 'OnTestProgramEnd' argument 1 names different: declaration 'unit_test' definition 'parameter'. [funcArgNamesDifferent]
GTEST_REVERSE_REPEATER_METHOD_(OnTestProgramEnd, UnitTest)
^
build/_deps/googletest-src/googletest/src/gtest.cc:3764:41: note: Function 'OnTestProgramEnd' argument 1 names different: declaration 'unit_test' definition 'parameter'.
  void OnTestProgramEnd(const UnitTest& unit_test) override;
                                        ^
build/_deps/googletest-src/googletest/src/gtest.cc:3834:1: note: Function 'OnTestProgramEnd' argument 1 names different: declaration 'unit_test' definition 'parameter'.
GTEST_REVERSE_REPEATER_METHOD_(OnTestProgramEnd, UnitTest)
^
build/_deps/googletest-src/googletest/src/gtest.cc:4197:18: performance: Passing the result of c_str() to a function that takes std::string as argument no. 1 is slow and redundant. [stlcstrParam]
              << EscapeXmlAttribute(summary.c_str()) << "\">";
                 ^
build/_deps/googletest-src/googletest/src/gtest.cc:584:0: information: Skipping configuration 'GTEST_CUSTOM_GET_ARGVS_' since the value of 'GTEST_CUSTOM_GET_ARGVS_' is unknown. Use -D if you want to check it. You can use -U to skip it explicitly. [ConfigurationNotChecked]
  const auto& custom = GTEST_CUSTOM_GET_ARGVS_();
^
build/_deps/googletest-src/googletest/src/gtest.cc:6507:0: information: Skipping configuration 'GTEST_CUSTOM_INIT_GOOGLE_TEST_FUNCTION_' since the value of 'GTEST_CUSTOM_INIT_GOOGLE_TEST_FUNCTION_' is unknown. Use -D if you want to check it. You can use -U to skip it explicitly. [ConfigurationNotChecked]
  GTEST_CUSTOM_INIT_GOOGLE_TEST_FUNCTION_(argc, argv);
^
build/_deps/googletest-src/googletest/src/gtest.cc:6517:0: information: Skipping configuration 'GTEST_CUSTOM_INIT_GOOGLE_TEST_FUNCTION_' since the value of 'GTEST_CUSTOM_INIT_GOOGLE_TEST_FUNCTION_' is unknown. Use -D if you want to check it. You can use -U to skip it explicitly. [ConfigurationNotChecked]
  GTEST_CUSTOM_INIT_GOOGLE_TEST_FUNCTION_(argc, argv);
^
build/_deps/googletest-src/googletest/src/gtest.cc:6533:0: information: Skipping configuration 'GTEST_CUSTOM_INIT_GOOGLE_TEST_FUNCTION_' since the value of 'GTEST_CUSTOM_INIT_GOOGLE_TEST_FUNCTION_' is unknown. Use -D if you want to check it. You can use -U to skip it explicitly. [ConfigurationNotChecked]
  GTEST_CUSTOM_INIT_GOOGLE_TEST_FUNCTION_(&argc, argv);
^
build/_deps/googletest-src/googletest/src/gtest.cc:6541:0: information: Skipping configuration 'GTEST_CUSTOM_TEMPDIR_FUNCTION_' since the value of 'GTEST_CUSTOM_TEMPDIR_FUNCTION_' is unknown. Use -D if you want to check it. You can use -U to skip it explicitly. [ConfigurationNotChecked]
  return GTEST_CUSTOM_TEMPDIR_FUNCTION_();
^
build/_deps/googletest-src/googletest/src/gtest.cc:5481:0: information: Skipping configuration 'GTEST_CUSTOM_TEST_EVENT_LISTENER_' since the value of 'GTEST_CUSTOM_TEST_EVENT_LISTENER_' is unknown. Use -D if you want to check it. You can use -U to skip it explicitly. [ConfigurationNotChecked]
    listeners()->Append(new GTEST_CUSTOM_TEST_EVENT_LISTENER_());
^
build/_deps/googletest-src/googletest/src/gtest.cc:5626:0: information: Skipping configuration 'GTEST_EXTRA_DEATH_TEST_CHILD_SETUP_;GTEST_HAS_DEATH_TEST' since the value of 'GTEST_EXTRA_DEATH_TEST_CHILD_SETUP_' is unknown. Use -D if you want to check it. You can use -U to skip it explicitly. [ConfigurationNotChecked]
    GTEST_EXTRA_DEATH_TEST_CHILD_SETUP_();
^
build/_deps/googletest-src/googletest/src/gtest.cc:6089:13: style: Condition 'IsTrue(false)' is always false [knownConditionTrueFalse]
  if (IsTrue(false))
            ^
build/_deps/googletest-src/googletest/test/googletest-death-test-test.cc:1437:29: error: There is an unknown macro here somewhere. Configuration is required. If ; is a macro then please configure it. [unknownMacro]
  EXPECT_DEATH_IF_SUPPORTED(;, "");
                            ^
build/_deps/googletest-src/googletest/test/googletest-death-test-test.cc:761:65: error: There is an unknown macro here somewhere. Configuration is required. If ; is a macro then please configure it. [unknownMacro]
  ASSERT_DEBUG_DEATH(GTEST_LOG_(INFO) << "In ASSERT_DEBUG_DEATH"; return, "")
                                                                ^
build/_deps/googletest-src/googletest/test/googletest-death-test-test.cc:1356:53: error: There is an unknown macro here somewhere. Configuration is required. If ; is a macro then please configure it. [unknownMacro]
  EXPECT_NONFATAL_FAILURE(EXPECT_DEATH_IF_SUPPORTED(;, ""), "");
                                                    ^
build/_deps/googletest-src/googletest/test/googletest-failfast-unittest_.cc:48:1: error: syntax error [syntaxError]
TEST_F(HasFixtureTest, Test0) {}
^
build/_deps/googletest-src/googletest/test/googletest-filepath-test.cc:97:1: error: syntax error [syntaxError]
TEST(IsEmptyTest, ReturnsTrueForEmptyPath) {
^
build/_deps/googletest-src/googletest/test/googletest-filter-unittest_.cc:49:1: error: syntax error [syntaxError]
TEST_F(FooTest, Abc) {
^
build/_deps/googletest-src/googletest/test/googletest-listener-test.cc:226:1: error: syntax error [syntaxError]
TEST_F(ListenerTest, DoesFoo) {
^
build/_deps/googletest-src/googletest/test/googletest-message-test.cc:50:1: error: syntax error [syntaxError]
TEST(MessageTest, CopyConstructor) {
^
build/_deps/googletest-src/googletest/test/googletest-options-test.cc:60:1: error: syntax error [syntaxError]
TEST(XmlOutputTest, GetOutputFormatDefault) {
^
build/_deps/googletest-src/googletest/test/googletest-output-test_.cc:105:26: error: syntax error [syntaxError]
INSTANTIATE_TEST_SUITE_P(, EmptyBasenameParamInst, testing::Values(1));
                         ^
build/_deps/googletest-src/googletest/test/googletest-param-test-invalid-name1-test_.cc:36:1: error: syntax error [syntaxError]
TEST_P(DummyTest, Dummy) {
^
build/_deps/googletest-src/googletest/test/googletest-param-test-invalid-name2-test_.cc:41:1: error: syntax error [syntaxError]
TEST_P(DummyTest, Dummy) {
^
build/_deps/googletest-src/googletest/test/googletest-param-test-test.cc:1087:1: error: syntax error [syntaxError]
TEST_P(NotInstantiatedTest, Used) { }
^
build/_deps/googletest-src/googletest/test/googletest-port-test.cc:0:0: information: Too many #ifdef configurations - cppcheck only checks 12 of 15 configurations. Use --force to check all configurations. [toomanyconfigs]

^
build/_deps/googletest-src/googletest/test/googletest-port-test.cc:67:1: error: syntax error [syntaxError]
TEST(IsXDigitTest, ReturnsFalseForNarrowNonAscii) {
^
build/_deps/googletest-src/googletest/test/googletest-port-test.cc:368:0: information: Skipping configuration 'GTEST_USES_SIMPLE_RE' since the value of 'GTEST_USES_SIMPLE_RE' is unknown. Use -D if you want to check it. You can use -U to skip it explicitly. [ConfigurationNotChecked]
  EXPECT_TRUE(GTEST_USES_SIMPLE_RE);
^
build/_deps/googletest-src/googletest/test/googletest-printers-test.cc:302:1: error: syntax error [syntaxError]
TEST(PrintEnumTest, AnonymousEnum) {
^
build/_deps/googletest-src/googletest/test/googletest-shuffle-test_.cc:49:1: error: syntax error [syntaxError]
TEST_F(A, A) {}
^
build/_deps/googletest-src/googletest/test/googletest-test-part-test.cc:56:1: error: syntax error [syntaxError]
TEST_F(TestPartResultTest, ConstructorWorks) {
^
build/_deps/googletest-src/googletest/test/gtest-typed-test_test.cc:164:1: error: syntax error [syntaxError]
TYPED_TEST(NumericTest, DefaultIsZero) {
^
build/_deps/googletest-src/googletest/test/gtest-unittest-api_test.cc:100:1: error: syntax error [syntaxError]
TYPED_TEST(TestSuiteWithCommentTest, Dummy) {}
^
build/_deps/googletest-src/googletest/test/gtest_environment_test.cc:107:1: error: syntax error [syntaxError]
TEST(FooTest, Bar) {
^
build/_deps/googletest-src/googletest/test/gtest_pred_impl_unittest.cc:93:8: style:inconclusive: Technically the member function 'PredFunctor1::operator()' can be const. [functionConst]
  bool operator()(const T1& v1) {
       ^
build/_deps/googletest-src/googletest/test/gtest_pred_impl_unittest.cc:479:8: style:inconclusive: Technically the member function 'PredFunctor2::operator()' can be const. [functionConst]
  bool operator()(const T1& v1,
       ^
build/_deps/googletest-src/googletest/test/gtest_pred_impl_unittest.cc:907:8: style:inconclusive: Technically the member function 'PredFunctor3::operator()' can be const. [functionConst]
  bool operator()(const T1& v1,
       ^
build/_deps/googletest-src/googletest/test/gtest_pred_impl_unittest.cc:1377:8: style:inconclusive: Technically the member function 'PredFunctor4::operator()' can be const. [functionConst]
  bool operator()(const T1& v1,
       ^
build/_deps/googletest-src/googletest/test/gtest_pred_impl_unittest.cc:1889:8: style:inconclusive: Technically the member function 'PredFunctor5::operator()' can be const. [functionConst]
  bool operator()(const T1& v1,
       ^
build/_deps/googletest-src/googletest/test/gtest_premature_exit_test.cc:79:1: error: syntax error [syntaxError]
TEST_F(PrematureExitDeathTest, FileExistsDuringExecutionOfDeathTest) {
^
build/_deps/googletest-src/googletest/test/gtest_repeat_test.cc:85:1: error: syntax error [syntaxError]
TEST(FooTest, ShouldFail) {
^
build/_deps/googletest-src/googletest/test/gtest_sole_header_test.cc:43:27: error: There is an unknown macro here somewhere. Configuration is required. If ; is a macro then please configure it. [unknownMacro]
  EXPECT_NO_FATAL_FAILURE(;);
                          ^
build/_deps/googletest-src/googletest/test/gtest_stress_test.cc:119:1: error: syntax error [syntaxError]
TEST(StressTest, CanUseScopedTraceAndAssertionsInManyThreads) {
^
build/_deps/googletest-src/googletest/test/gtest_unittest.cc:0:0: information: Too many #ifdef configurations - cppcheck only checks 12 of 24 configurations. Use --force to check all configurations. [toomanyconfigs]

^
build/_deps/googletest-src/googletest/test/gtest_unittest.cc:5412:26: error: syntax error [syntaxError]
INSTANTIATE_TEST_SUITE_P(, CodeLocationForTESTP, Values(0));
                         ^
hello.hpp:6:10: performance:inconclusive: Technically the member function 'Hello::print' can be static (but you may consider moving to unnamed namespace). [functionStatic]
    void print();
         ^
hello.cpp:7:13: note: Technically the member function 'Hello::print' can be static (but you may consider moving to unnamed namespace).
void Hello::print()
            ^
hello.hpp:6:10: note: Technically the member function 'Hello::print' can be static (but you may consider moving to unnamed namespace).
    void print();
         ^
build/_deps/googletest-src/googletest/test/googletest-list-tests-unittest_.cc:93:1: error: The one definition rule is violated, different classes/structs have the same name 'ValueParamTest' [ctuOneDefinitionRuleViolation]
class ValueParamTest : public testing::TestWithParam<MyType> {
^
build/_deps/googletest-src/googletest/test/gtest_list_output_unittest_.cc:51:1: note: The one definition rule is violated, different classes/structs have the same name 'ValueParamTest'
class ValueParamTest : public ::testing::TestWithParam<int> {};
^
build/_deps/googletest-src/googletest/test/googletest-list-tests-unittest_.cc:93:1: note: The one definition rule is violated, different classes/structs have the same name 'ValueParamTest'
class ValueParamTest : public testing::TestWithParam<MyType> {
^
build/_deps/googletest-src/googletest/test/googletest-list-tests-unittest_.cc:116:1: error: The one definition rule is violated, different classes/structs have the same name 'TypedTest' [ctuOneDefinitionRuleViolation]
class TypedTest : public testing::Test {
^
build/_deps/googletest-src/googletest/test/gtest_list_output_unittest_.cc:57:1: note: The one definition rule is violated, different classes/structs have the same name 'TypedTest'
class TypedTest : public ::testing::Test {};
^
build/_deps/googletest-src/googletest/test/googletest-list-tests-unittest_.cc:116:1: note: The one definition rule is violated, different classes/structs have the same name 'TypedTest'
class TypedTest : public testing::Test {
^
build/_deps/googletest-src/googletest/test/googletest-list-tests-unittest_.cc:93:1: error: The one definition rule is violated, different classes/structs have the same name 'ValueParamTest' [ctuOneDefinitionRuleViolation]
class ValueParamTest : public testing::TestWithParam<MyType> {
^
build/_deps/googletest-src/googletest/test/gtest_xml_output_unittest_.cc:161:1: note: The one definition rule is violated, different classes/structs have the same name 'ValueParamTest'
class ValueParamTest : public TestWithParam<int> {};
^
build/_deps/googletest-src/googletest/test/googletest-list-tests-unittest_.cc:93:1: note: The one definition rule is violated, different classes/structs have the same name 'ValueParamTest'
class ValueParamTest : public testing::TestWithParam<MyType> {
^
build/_deps/googletest-src/googletest/test/googletest-list-tests-unittest_.cc:116:1: error: The one definition rule is violated, different classes/structs have the same name 'TypedTest' [ctuOneDefinitionRuleViolation]
class TypedTest : public testing::Test {
^
build/_deps/googletest-src/googletest/test/gtest_xml_output_unittest_.cc:168:23: note: The one definition rule is violated, different classes/structs have the same name 'TypedTest'
template <typename T> class TypedTest : public Test {};
                      ^
build/_deps/googletest-src/googletest/test/googletest-list-tests-unittest_.cc:116:1: note: The one definition rule is violated, different classes/structs have the same name 'TypedTest'
class TypedTest : public testing::Test {
^
build/_deps/googletest-src/googletest/src/gtest-death-test.cc:1118:0: style: The function 'AssumeRole' is never used. [unusedFunction]

^
build/_deps/googletest-src/googlemock/src/gmock-cardinalities.cc:142:0: style: The function 'AtMost' is never used. [unusedFunction]

^
build/_deps/googletest-src/googletest/src/gtest-port.cc:1188:0: style: The function 'CaptureStdout' is never used. [unusedFunction]

^
build/_deps/googletest-src/googletest/src/gtest-port.cc:1261:0: style: The function 'ClearInjectableArgvs' is never used. [unusedFunction]

^
build/_deps/googletest-src/googletest/src/gtest.cc:1658:0: style: The function 'CmpHelperSTRCASEEQ' is never used. [unusedFunction]

^
build/_deps/googletest-src/googletest/src/gtest.cc:1688:0: style: The function 'CmpHelperSTRCASENE' is never used. [unusedFunction]

^
build/_deps/googletest-src/googletest/src/gtest.cc:1642:0: style: The function 'CmpHelperSTREQ' is never used. [unusedFunction]

^
build/_deps/googletest-src/googletest/src/gtest.cc:1674:0: style: The function 'CmpHelperSTRNE' is never used. [unusedFunction]

^
build/_deps/googletest-src/googletest/src/gtest.cc:1634:0: style: The function 'DoubleLE' is never used. [unusedFunction]

^
build/_deps/googletest-src/googletest/src/gtest.cc:1545:0: style: The function 'DoubleNearPredFormat' is never used. [unusedFunction]

^
build/_deps/googletest-src/googletest/src/gtest.cc:3898:0: style: The function 'EscapeXmlText' is never used. [unusedFunction]

^
build/_deps/googletest-src/googletest/src/gtest-death-test.cc:232:0: style: The function 'ExitedUnsuccessfully' is never used. [unusedFunction]

^
build/_deps/googletest-src/googletest/samples/sample1.cc:35:0: style: The function 'Factorial' is never used. [unusedFunction]

^
build/_deps/googletest-src/googletest/src/gtest.cc:1627:0: style: The function 'FloatLE' is never used. [unusedFunction]

^
build/_deps/googletest-src/googlemock/src/gmock-matchers.cc:51:0: style: The function 'FormatMatcherDescription' is never used. [unusedFunction]

^
build/_deps/googletest-src/googletest/src/gtest.cc:1529:0: style: The function 'GetBoolAssertionFailureMessage' is never used. [unusedFunction]

^
build/_deps/googletest-src/googletest/src/gtest-port.cc:1198:0: style: The function 'GetCapturedStdout' is never used. [unusedFunction]

^
build/_deps/googletest-src/googlemock/src/gmock-internal-utils.cc:112:0: style: The function 'GetFailureReporter' is never used. [unusedFunction]

^
build/_deps/googletest-src/googlemock/src/gmock-internal-utils.cc:187:0: style: The function 'GetWithoutMatchers' is never used. [unusedFunction]

^
build/_deps/googletest-src/googlemock/src/gmock-internal-utils.cc:189:0: style: The function 'IllegalDoDefault' is never used. [unusedFunction]

^
build/_deps/googletest-src/googletest/src/gtest-death-test.cc:146:0: style: The function 'InDeathTestChild' is never used. [unusedFunction]

^
build/_deps/googletest-src/googletest/src/gtest.cc:469:0: style: The function 'InsertSyntheticTestCase' is never used. [unusedFunction]

^
build/_deps/googletest-src/googletest/src/gtest.cc:1771:0: style: The function 'IsNotSubstring' is never used. [unusedFunction]

^
build/_deps/googletest-src/googletest/samples/sample1.cc:45:0: style: The function 'IsPrime' is never used. [unusedFunction]

^
build/_deps/googletest-src/googlemock/src/gmock-cardinalities.cc:76:0: style: The function 'IsSatisfiedByCallCount' is never used. [unusedFunction]

^
build/_deps/googletest-src/googlemock/src/gmock-cardinalities.cc:80:0: style: The function 'IsSaturatedByCallCount' is never used. [unusedFunction]

^
build/_deps/googletest-src/googletest/src/gtest.cc:1759:0: style: The function 'IsSubstring' is never used. [unusedFunction]

^
build/_deps/googletest-src/googlemock/src/gmock-spec-builders.cc:72:0: style: The function 'LogWithLocation' is never used. [unusedFunction]

^
build/_deps/googletest-src/googletest/src/gtest.cc:2738:0: style: The function 'MakeAndRegisterTestInfo' is never used. [unusedFunction]

^
build/_deps/googletest-src/googletest/src/gtest-death-test.cc:1586:0: style: The function 'ParseInternalRunDeathTestFlag' is never used. [unusedFunction]

^
build/_deps/googletest-src/googletest/samples/sample4.cc:52:0: style: The function 'Print' is never used. [unusedFunction]

^
build/_deps/googletest-src/googletest/src/gtest-printers.cc:115:0: style: The function 'PrintBytesInObjectTo' is never used. [unusedFunction]

^
build/_deps/googletest-src/googletest/src/gtest-printers.cc:428:0: style: The function 'PrintStringTo' is never used. [unusedFunction]

^
build/_deps/googletest-src/googletest/src/gtest-printers.cc:437:0: style: The function 'PrintWideStringTo' is never used. [unusedFunction]

^
build/_deps/googletest-src/googletest/src/gtest.cc:518:0: style: The function 'RegisterTypeParameterizedTestSuiteInstantiation' is never used. [unusedFunction]

^
build/_deps/googletest-src/googlemock/src/gmock-internal-utils.cc:96:0: style: The function 'ReportFailure' is never used. [unusedFunction]

^
build/_deps/googletest-src/googletest/src/gtest.cc:2750:0: style: The function 'ReportInvalidTestSuiteType' is never used. [unusedFunction]

^
build/_deps/googletest-src/googletest/test/googletest-catch-exceptions-test_.cc:149:0: style: The function 'SetUpTestSuite' is never used. [unusedFunction]

^
build/_deps/googletest-src/googletest/test/googletest-catch-exceptions-test_.cc:113:0: style: The function 'TearDownTestSuite' is never used. [unusedFunction]

^
build/_deps/googletest-src/googletest/src/gtest.cc:6539:0: style: The function 'TempDir' is never used. [unusedFunction]

^
build/_deps/googletest-src/googletest/src/gtest-printers.cc:323:0: style: The function 'UniversalPrintArray' is never used. [unusedFunction]

^
build/_deps/googletest-src/googletest/src/gtest-death-test.cc:1095:0: style: The function 'Wait' is never used. [unusedFunction]

^
build/_deps/googletest-src/googlemock/src/gmock_main.cc:61:0: style: The function '_tmain' is never used. [unusedFunction]

^
build/_deps/googletest-src/googlemock/src/gmock_main.cc:45:0: style: The function 'loop' is never used. [unusedFunction]

^
hello.cpp:7:0: style: The function 'print' is never used. [unusedFunction]

^
build/_deps/googletest-src/googlemock/src/gmock_main.cc:39:0: style: The function 'setup' is never used. [unusedFunction]

^
nofile:0:0: information: Cppcheck cannot find all the include files (use --check-config for details) [missingInclude]

